
**** 11/26/20 00:58:28 *********** Evaluation PSpice (Nov 1999) **************

 * C:\Users\David\Documents\Studium\GitHub\UE Elektrische Netzwerke und Mehrtore\Mehrtore\UE_5\PSpice\Schematic1.sch


 ****     CIRCUIT DESCRIPTION


******************************************************************************




* Schematics Version 9.1 - Web Update 1
* Thu Nov 26 00:46:11 2020



** Analysis setup **
.tran 0ns 50ms 0 10u
.OP 


* From [PSPICE NETLIST] section of pspiceev.ini:
.lib "nom.lib"

.INC "Schematic1.net"

**** INCLUDING Schematic1.net ****
* Schematics Netlist *



L_L         $N_0001 0  8mH IC=0 
R_R         $N_0002 $N_0001  4  
C_C_X         $N_0002 0  83.3uF IC=0 
C_C         $N_0003 $N_0002  50uF IC=0 
V_U_S         $N_0003 0  
+SIN 0 10 159Hz 0 0 0

**** RESUMING Schematic1.cir ****
.INC "Schematic1.als"



**** INCLUDING Schematic1.als ****
* Schematics Aliases *

.ALIASES
L_L             L(1=$N_0001 2=0 )
R_R             R(1=$N_0002 2=$N_0001 )
C_C_X           C_X(1=$N_0002 2=0 )
C_C             C(1=$N_0003 2=$N_0002 )
V_U_S           U_S(+=$N_0003 -=0 )
.ENDALIASES


**** RESUMING Schematic1.cir ****
.probe


.END

**** 11/26/20 00:58:28 *********** Evaluation PSpice (Nov 1999) **************

 * C:\Users\David\Documents\Studium\GitHub\UE Elektrische Netzwerke und Mehrtore\Mehrtore\UE_5\PSpice\Schematic1.sch


 ****     SMALL SIGNAL BIAS SOLUTION       TEMPERATURE =   27.000 DEG C


******************************************************************************



 NODE   VOLTAGE     NODE   VOLTAGE     NODE   VOLTAGE     NODE   VOLTAGE


($N_0001)    0.0000                   ($N_0002)    0.0000                       

($N_0003)    0.0000                   




    VOLTAGE SOURCE CURRENTS
    NAME         CURRENT

    V_U_S        0.000E+00

    TOTAL POWER DISSIPATION   0.00E+00  WATTS


**** 11/26/20 00:58:28 *********** Evaluation PSpice (Nov 1999) **************

 * C:\Users\David\Documents\Studium\GitHub\UE Elektrische Netzwerke und Mehrtore\Mehrtore\UE_5\PSpice\Schematic1.sch


 ****     OPERATING POINT INFORMATION      TEMPERATURE =   27.000 DEG C


******************************************************************************




**** 11/26/20 00:58:28 *********** Evaluation PSpice (Nov 1999) **************

 * C:\Users\David\Documents\Studium\GitHub\UE Elektrische Netzwerke und Mehrtore\Mehrtore\UE_5\PSpice\Schematic1.sch


 ****     INITIAL TRANSIENT SOLUTION       TEMPERATURE =   27.000 DEG C


******************************************************************************



 NODE   VOLTAGE     NODE   VOLTAGE     NODE   VOLTAGE     NODE   VOLTAGE


($N_0001)    0.0000                   ($N_0002)    0.0000                       

($N_0003)    0.0000                   




    VOLTAGE SOURCE CURRENTS
    NAME         CURRENT

    V_U_S        0.000E+00

    TOTAL POWER DISSIPATION   0.00E+00  WATTS



          JOB CONCLUDED

          TOTAL JOB TIME             .23
