
**** 11/23/20 19:47:12 *********** Evaluation PSpice (Nov 1999) **************

 * C:\Users\David\Documents\Studium\GitHub\UE Elektrische Netzwerke und Mehrtore\Mehrtore\UE_5\PSpice\Schematic1.sch


 ****     CIRCUIT DESCRIPTION


******************************************************************************




* Schematics Version 9.1 - Web Update 1
* Mon Nov 23 19:45:39 2020



** Analysis setup **
.tran 0ns 20ms
.OP 


* From [PSPICE NETLIST] section of pspiceev.ini:
.lib "nom.lib"

.INC "Schematic1.net"

**** INCLUDING Schematic1.net ****
* Schematics Netlist *



R_R1         $N_0002 $N_0001  4  
L_L1         $N_0002 0  8mH  
C_C1         $N_0001 $N_0003  50uF  
C_Cx         $N_0001 0  83.3uF  
V_V4         $N_0003 0  
+SIN 0 10V 159.155Hz 0 0 0

**** RESUMING Schematic1.cir ****
.INC "Schematic1.als"



**** INCLUDING Schematic1.als ****
* Schematics Aliases *

.ALIASES
R_R1            R1(1=$N_0002 2=$N_0001 )
L_L1            L1(1=$N_0002 2=0 )
C_C1            C1(1=$N_0001 2=$N_0003 )
C_Cx            Cx(1=$N_0001 2=0 )
V_V4            V4(+=$N_0003 -=0 )
.ENDALIASES


**** RESUMING Schematic1.cir ****
.probe


.END

**** 11/23/20 19:47:12 *********** Evaluation PSpice (Nov 1999) **************

 * C:\Users\David\Documents\Studium\GitHub\UE Elektrische Netzwerke und Mehrtore\Mehrtore\UE_5\PSpice\Schematic1.sch


 ****     SMALL SIGNAL BIAS SOLUTION       TEMPERATURE =   27.000 DEG C


******************************************************************************



 NODE   VOLTAGE     NODE   VOLTAGE     NODE   VOLTAGE     NODE   VOLTAGE


($N_0001)    0.0000                   ($N_0002)    0.0000                       

($N_0003)    0.0000                   




    VOLTAGE SOURCE CURRENTS
    NAME         CURRENT

    V_V4         0.000E+00

    TOTAL POWER DISSIPATION   0.00E+00  WATTS


**** 11/23/20 19:47:12 *********** Evaluation PSpice (Nov 1999) **************

 * C:\Users\David\Documents\Studium\GitHub\UE Elektrische Netzwerke und Mehrtore\Mehrtore\UE_5\PSpice\Schematic1.sch


 ****     OPERATING POINT INFORMATION      TEMPERATURE =   27.000 DEG C


******************************************************************************




**** 11/23/20 19:47:12 *********** Evaluation PSpice (Nov 1999) **************

 * C:\Users\David\Documents\Studium\GitHub\UE Elektrische Netzwerke und Mehrtore\Mehrtore\UE_5\PSpice\Schematic1.sch


 ****     INITIAL TRANSIENT SOLUTION       TEMPERATURE =   27.000 DEG C


******************************************************************************



 NODE   VOLTAGE     NODE   VOLTAGE     NODE   VOLTAGE     NODE   VOLTAGE


($N_0001)    0.0000                   ($N_0002)    0.0000                       

($N_0003)    0.0000                   




    VOLTAGE SOURCE CURRENTS
    NAME         CURRENT

    V_V4         0.000E+00

    TOTAL POWER DISSIPATION   0.00E+00  WATTS



          JOB CONCLUDED

          TOTAL JOB TIME             .08
