This is pdfTeX, Version 3.14159265-2.6-1.40.21 (MiKTeX 2.9.7440 64-bit) (preloaded format=pdflatex 2020.6.20)  9 NOV 2020 14:52
entering extended mode
**./getlab.sty
(getlab.sty
LaTeX2e <2020-02-02> patch level 5
L3 programming layer <2020-06-03>
GET-Labor Style File, SS 2008
(c) IGTE, 2016

getlab.sty:9: LaTeX Error: \usepackage before \documentclass.

See the LaTeX manual or LaTeX Companion for explanation.
Type  H <return>  for immediate help.
 ...                                              
                                                  
l.9 \usepackage[latin1]{
                        inputenc}
\usepackage may only appear in the document preamble, i.e.,
between \documentclass and \begin{document}.


getlab.sty:10: LaTeX Error: \usepackage before \documentclass.

See the LaTeX manual or LaTeX Companion for explanation.
Type  H <return>  for immediate help.
 ...                                              
                                                  
l.10 \usepackage[ngerman]{
                          babel}
\usepackage may only appear in the document preamble, i.e.,
between \documentclass and \begin{document}.


getlab.sty:12: LaTeX Error: \usepackage before \documentclass.

See the LaTeX manual or LaTeX Companion for explanation.
Type  H <return>  for immediate help.
 ...                                              
                                                  
l.12 \usepackage{
                 amsmath}                    % Mathematical symbols
\usepackage may only appear in the document preamble, i.e.,
between \documentclass and \begin{document}.


getlab.sty:13: LaTeX Error: \usepackage before \documentclass.

See the LaTeX manual or LaTeX Companion for explanation.
Type  H <return>  for immediate help.
 ...                                              
                                                  
l.13 \usepackage{
                 amssymb}                    % Mathematical symbols
\usepackage may only appear in the document preamble, i.e.,
between \documentclass and \begin{document}.


getlab.sty:14: LaTeX Error: \usepackage before \documentclass.

See the LaTeX manual or LaTeX Companion for explanation.
Type  H <return>  for immediate help.
 ...                                              
                                                  
l.14 \usepackage{
                 amsfonts}                   % Mathematical symbols
\usepackage may only appear in the document preamble, i.e.,
between \documentclass and \begin{document}.


getlab.sty:15: LaTeX Error: \usepackage before \documentclass.

See the LaTeX manual or LaTeX Companion for explanation.
Type  H <return>  for immediate help.
 ...                                              
                                                  
l.15 \usepackage{
                 mathrsfs}                   % Symbols für Fourier und Lapla...

\usepackage may only appear in the document preamble, i.e.,
between \documentclass and \begin{document}.


getlab.sty:16: LaTeX Error: \usepackage before \documentclass.

See the LaTeX manual or LaTeX Companion for explanation.
Type  H <return>  for immediate help.
 ...                                              
                                                  
l.16 \usepackage{
                 eufrak}                     % Fraktur Symbole
\usepackage may only appear in the document preamble, i.e.,
between \documentclass and \begin{document}.


getlab.sty:17: LaTeX Error: \usepackage before \documentclass.

See the LaTeX manual or LaTeX Companion for explanation.
Type  H <return>  for immediate help.
 ...                                              
                                                  
l.17 \usepackage{
                 multirow}                   % tall tables
\usepackage may only appear in the document preamble, i.e.,
between \documentclass and \begin{document}.


getlab.sty:19: LaTeX Error: \usepackage before \documentclass.

See the LaTeX manual or LaTeX Companion for explanation.
Type  H <return>  for immediate help.
 ...                                              
                                                  
l.19 \usepackage{
                 graphicx}                   % eps graphics support
\usepackage may only appear in the document preamble, i.e.,
between \documentclass and \begin{document}.


getlab.sty:32: LaTeX Error: Command \labelenumi undefined.

See the LaTeX manual or LaTeX Companion for explanation.
Type  H <return>  for immediate help.
 ...                                              
                                                  
l.32 \renewcommand{\labelenumi}
                               {\theenumi.}
Try typing  <return>  to proceed.
If that doesn't work, type  X <return>  to quit.


getlab.sty:34: LaTeX Error: Command \labelenumii undefined.

See the LaTeX manual or LaTeX Companion for explanation.
Type  H <return>  for immediate help.
 ...                                              
                                                  
l.34 \renewcommand{\labelenumii}
                                {\theenumii.}
Try typing  <return>  to proceed.
If that doesn't work, type  X <return>  to quit.


getlab.sty:36: LaTeX Error: Command \labelenumiii undefined.

See the LaTeX manual or LaTeX Companion for explanation.
Type  H <return>  for immediate help.
 ...                                              
                                                  
l.36 \renewcommand{\labelenumiii}
                                 {\theenumiii.}
Try typing  <return>  to proceed.
If that doesn't work, type  X <return>  to quit.

)
! Emergency stop.
<*> ./getlab.sty
                
*** (job aborted, no legal \end found)

 
Here is how much of TeX's memory you used:
 42 strings out of 480763
 636 string characters out of 2904059
 239010 words of memory out of 3000000
 16162 multiletter control sequences out of 15000+200000
 532338 words of font info for 24 fonts, out of 3000000 for 9000
 1141 hyphenation exceptions out of 8191
 12i,0n,15p,108b,14s stack positions out of 5000i,500n,10000p,200000b,50000s
!  ==> Fatal error occurred, no output PDF file produced!
